<?xml version="1.0" encoding="UTF-8"?>
<Site BuildName="Linux-g++"
	BuildStamp="20240306-0700-Experimental"
	Name="codespaces-e343a7"
	Generator="ctest-3.16.3"
	CompilerName="/usr/bin/g++"
	CompilerVersion="9.4.0"
	OSName="Linux"
	Hostname="codespaces-e343a7"
	OSRelease="6.2.0-1019-azure"
	OSVersion="#19~22.04.1-Ubuntu SMP Wed Jan 10 22:57:03 UTC 2024"
	OSPlatform="x86_64"
	Is64Bits="1"
	VendorString="AuthenticAMD"
	VendorID="Advanced Micro Devices"
	FamilyID="25"
	ModelID="1"
	ProcessorCacheSize="512"
	NumberOfLogicalCPU="2"
	NumberOfPhysicalCPU="1"
	TotalVirtualMemory="0"
	TotalPhysicalMemory="7929"
	LogicalProcessorsPerPhysical="2"
	ProcessorClockFrequency="3242.65"
	>
	<Testing>
		<StartDateTime>Mar 06 07:00 UTC</StartDateTime>
		<StartTestTime>1709708438</StartTestTime>
		<TestList/>
		<EndDateTime>Mar 06 07:00 UTC</EndDateTime>
		<EndTestTime>1709708438</EndTestTime>
		<ElapsedMinutes>0</ElapsedMinutes>
	</Testing>
</Site>
